<?xml version="1.0" encoding="UTF-8"?>
<testsuite xmlns:xsi="http://www.w3.org/2001/XMLSchema-instance" xsi:noNamespaceSchemaLocation="https://maven.apache.org/surefire/maven-surefire-plugin/xsd/surefire-test-report.xsd" name="com.example.hastobe.controller.RateControllerTest" time="17.517" tests="15" errors="0" skipped="0" failures="0">
  <properties>
    <property name="gopherProxySet" value="false"/>
    <property name="awt.toolkit" value="sun.lwawt.macosx.LWCToolkit"/>
    <property name="file.encoding.pkg" value="sun.io"/>
    <property name="java.specification.version" value="1.8"/>
    <property name="sun.cpu.isalist" value=""/>
    <property name="sun.jnu.encoding" value="UTF-8"/>
    <property name="java.class.path" value="/Users/gertiprifti/Desktop/charging-process/target/test-classes:/Users/gertiprifti/Desktop/charging-process/target/classes:/Users/gertiprifti/.m2/repository/org/springframework/boot/spring-boot-starter-web/2.5.4/spring-boot-starter-web-2.5.4.jar:/Users/gertiprifti/.m2/repository/org/springframework/boot/spring-boot-starter/2.5.4/spring-boot-starter-2.5.4.jar:/Users/gertiprifti/.m2/repository/org/springframework/boot/spring-boot/2.5.4/spring-boot-2.5.4.jar:/Users/gertiprifti/.m2/repository/org/springframework/boot/spring-boot-autoconfigure/2.5.4/spring-boot-autoconfigure-2.5.4.jar:/Users/gertiprifti/.m2/repository/org/springframework/boot/spring-boot-starter-logging/2.5.4/spring-boot-starter-logging-2.5.4.jar:/Users/gertiprifti/.m2/repository/ch/qos/logback/logback-classic/1.2.5/logback-classic-1.2.5.jar:/Users/gertiprifti/.m2/repository/ch/qos/logback/logback-core/1.2.5/logback-core-1.2.5.jar:/Users/gertiprifti/.m2/repository/org/apache/logging/log4j/log4j-to-slf4j/2.14.1/log4j-to-slf4j-2.14.1.jar:/Users/gertiprifti/.m2/repository/org/apache/logging/log4j/log4j-api/2.14.1/log4j-api-2.14.1.jar:/Users/gertiprifti/.m2/repository/org/slf4j/jul-to-slf4j/1.7.32/jul-to-slf4j-1.7.32.jar:/Users/gertiprifti/.m2/repository/jakarta/annotation/jakarta.annotation-api/1.3.5/jakarta.annotation-api-1.3.5.jar:/Users/gertiprifti/.m2/repository/org/yaml/snakeyaml/1.28/snakeyaml-1.28.jar:/Users/gertiprifti/.m2/repository/org/springframework/boot/spring-boot-starter-json/2.5.4/spring-boot-starter-json-2.5.4.jar:/Users/gertiprifti/.m2/repository/com/fasterxml/jackson/core/jackson-databind/2.12.4/jackson-databind-2.12.4.jar:/Users/gertiprifti/.m2/repository/com/fasterxml/jackson/core/jackson-annotations/2.12.4/jackson-annotations-2.12.4.jar:/Users/gertiprifti/.m2/repository/com/fasterxml/jackson/core/jackson-core/2.12.4/jackson-core-2.12.4.jar:/Users/gertiprifti/.m2/repository/com/fasterxml/jackson/datatype/jackson-datatype-jdk8/2.12.4/jackson-datatype-jdk8-2.12.4.jar:/Users/gertiprifti/.m2/repository/com/fasterxml/jackson/datatype/jackson-datatype-jsr310/2.12.4/jackson-datatype-jsr310-2.12.4.jar:/Users/gertiprifti/.m2/repository/com/fasterxml/jackson/module/jackson-module-parameter-names/2.12.4/jackson-module-parameter-names-2.12.4.jar:/Users/gertiprifti/.m2/repository/org/springframework/boot/spring-boot-starter-tomcat/2.5.4/spring-boot-starter-tomcat-2.5.4.jar:/Users/gertiprifti/.m2/repository/org/apache/tomcat/embed/tomcat-embed-core/9.0.52/tomcat-embed-core-9.0.52.jar:/Users/gertiprifti/.m2/repository/org/apache/tomcat/embed/tomcat-embed-websocket/9.0.52/tomcat-embed-websocket-9.0.52.jar:/Users/gertiprifti/.m2/repository/org/springframework/spring-web/5.3.9/spring-web-5.3.9.jar:/Users/gertiprifti/.m2/repository/org/springframework/spring-beans/5.3.9/spring-beans-5.3.9.jar:/Users/gertiprifti/.m2/repository/org/springframework/spring-webmvc/5.3.9/spring-webmvc-5.3.9.jar:/Users/gertiprifti/.m2/repository/org/springframework/spring-aop/5.3.9/spring-aop-5.3.9.jar:/Users/gertiprifti/.m2/repository/org/springframework/spring-context/5.3.9/spring-context-5.3.9.jar:/Users/gertiprifti/.m2/repository/org/springframework/spring-expression/5.3.9/spring-expression-5.3.9.jar:/Users/gertiprifti/.m2/repository/org/springframework/boot/spring-boot-starter-test/2.5.4/spring-boot-starter-test-2.5.4.jar:/Users/gertiprifti/.m2/repository/org/springframework/boot/spring-boot-test/2.5.4/spring-boot-test-2.5.4.jar:/Users/gertiprifti/.m2/repository/org/springframework/boot/spring-boot-test-autoconfigure/2.5.4/spring-boot-test-autoconfigure-2.5.4.jar:/Users/gertiprifti/.m2/repository/com/jayway/jsonpath/json-path/2.5.0/json-path-2.5.0.jar:/Users/gertiprifti/.m2/repository/net/minidev/json-smart/2.4.7/json-smart-2.4.7.jar:/Users/gertiprifti/.m2/repository/net/minidev/accessors-smart/2.4.7/accessors-smart-2.4.7.jar:/Users/gertiprifti/.m2/repository/org/ow2/asm/asm/9.1/asm-9.1.jar:/Users/gertiprifti/.m2/repository/jakarta/xml/bind/jakarta.xml.bind-api/2.3.3/jakarta.xml.bind-api-2.3.3.jar:/Users/gertiprifti/.m2/repository/jakarta/activation/jakarta.activation-api/1.2.2/jakarta.activation-api-1.2.2.jar:/Users/gertiprifti/.m2/repository/org/assertj/assertj-core/3.19.0/assertj-core-3.19.0.jar:/Users/gertiprifti/.m2/repository/org/hamcrest/hamcrest/2.2/hamcrest-2.2.jar:/Users/gertiprifti/.m2/repository/org/junit/jupiter/junit-jupiter/5.7.2/junit-jupiter-5.7.2.jar:/Users/gertiprifti/.m2/repository/org/junit/jupiter/junit-jupiter-api/5.7.2/junit-jupiter-api-5.7.2.jar:/Users/gertiprifti/.m2/repository/org/apiguardian/apiguardian-api/1.1.0/apiguardian-api-1.1.0.jar:/Users/gertiprifti/.m2/repository/org/opentest4j/opentest4j/1.2.0/opentest4j-1.2.0.jar:/Users/gertiprifti/.m2/repository/org/junit/platform/junit-platform-commons/1.7.2/junit-platform-commons-1.7.2.jar:/Users/gertiprifti/.m2/repository/org/junit/jupiter/junit-jupiter-params/5.7.2/junit-jupiter-params-5.7.2.jar:/Users/gertiprifti/.m2/repository/org/junit/jupiter/junit-jupiter-engine/5.7.2/junit-jupiter-engine-5.7.2.jar:/Users/gertiprifti/.m2/repository/org/junit/platform/junit-platform-engine/1.7.2/junit-platform-engine-1.7.2.jar:/Users/gertiprifti/.m2/repository/org/mockito/mockito-core/3.9.0/mockito-core-3.9.0.jar:/Users/gertiprifti/.m2/repository/net/bytebuddy/byte-buddy/1.10.22/byte-buddy-1.10.22.jar:/Users/gertiprifti/.m2/repository/net/bytebuddy/byte-buddy-agent/1.10.22/byte-buddy-agent-1.10.22.jar:/Users/gertiprifti/.m2/repository/org/objenesis/objenesis/3.2/objenesis-3.2.jar:/Users/gertiprifti/.m2/repository/org/mockito/mockito-junit-jupiter/3.9.0/mockito-junit-jupiter-3.9.0.jar:/Users/gertiprifti/.m2/repository/org/skyscreamer/jsonassert/1.5.0/jsonassert-1.5.0.jar:/Users/gertiprifti/.m2/repository/com/vaadin/external/google/android-json/0.0.20131108.vaadin1/android-json-0.0.20131108.vaadin1.jar:/Users/gertiprifti/.m2/repository/org/springframework/spring-core/5.3.9/spring-core-5.3.9.jar:/Users/gertiprifti/.m2/repository/org/springframework/spring-jcl/5.3.9/spring-jcl-5.3.9.jar:/Users/gertiprifti/.m2/repository/org/springframework/spring-test/5.3.9/spring-test-5.3.9.jar:/Users/gertiprifti/.m2/repository/org/xmlunit/xmlunit-core/2.8.2/xmlunit-core-2.8.2.jar:/Users/gertiprifti/.m2/repository/org/slf4j/slf4j-api/1.7.30/slf4j-api-1.7.30.jar:/Users/gertiprifti/.m2/repository/org/springframework/boot/spring-boot-starter-validation/2.5.4/spring-boot-starter-validation-2.5.4.jar:/Users/gertiprifti/.m2/repository/org/apache/tomcat/embed/tomcat-embed-el/9.0.52/tomcat-embed-el-9.0.52.jar:/Users/gertiprifti/.m2/repository/org/hibernate/validator/hibernate-validator/6.2.0.Final/hibernate-validator-6.2.0.Final.jar:/Users/gertiprifti/.m2/repository/jakarta/validation/jakarta.validation-api/2.0.2/jakarta.validation-api-2.0.2.jar:/Users/gertiprifti/.m2/repository/org/jboss/logging/jboss-logging/3.4.2.Final/jboss-logging-3.4.2.Final.jar:/Users/gertiprifti/.m2/repository/com/fasterxml/classmate/1.5.1/classmate-1.5.1.jar:/Users/gertiprifti/.m2/repository/javax/validation/validation-api/2.0.1.Final/validation-api-2.0.1.Final.jar:/Users/gertiprifti/.m2/repository/org/projectlombok/lombok/1.18.20/lombok-1.18.20.jar:"/>
    <property name="java.vm.vendor" value="Amazon.com Inc."/>
    <property name="sun.arch.data.model" value="64"/>
    <property name="java.vendor.url" value="https://aws.amazon.com/corretto/"/>
    <property name="user.timezone" value=""/>
    <property name="java.vm.specification.version" value="1.8"/>
    <property name="os.name" value="Mac OS X"/>
    <property name="user.country" value="AL"/>
    <property name="sun.java.launcher" value="SUN_STANDARD"/>
    <property name="sun.boot.library.path" value="/Users/gertiprifti/Library/Java/JavaVirtualMachines/corretto-1.8.0_292/Contents/Home/jre/lib"/>
    <property name="sun.java.command" value="/Users/gertiprifti/Desktop/charging-process/target/surefire/surefirebooter8574704533355626053.jar /Users/gertiprifti/Desktop/charging-process/target/surefire 2021-10-24T23-36-41_859-jvmRun1 surefire609503149940521134tmp surefire_04123768973997764314tmp"/>
    <property name="http.nonProxyHosts" value="local|*.local|169.254/16|*.169.254/16"/>
    <property name="surefire.test.class.path" value="/Users/gertiprifti/Desktop/charging-process/target/test-classes:/Users/gertiprifti/Desktop/charging-process/target/classes:/Users/gertiprifti/.m2/repository/org/springframework/boot/spring-boot-starter-web/2.5.4/spring-boot-starter-web-2.5.4.jar:/Users/gertiprifti/.m2/repository/org/springframework/boot/spring-boot-starter/2.5.4/spring-boot-starter-2.5.4.jar:/Users/gertiprifti/.m2/repository/org/springframework/boot/spring-boot/2.5.4/spring-boot-2.5.4.jar:/Users/gertiprifti/.m2/repository/org/springframework/boot/spring-boot-autoconfigure/2.5.4/spring-boot-autoconfigure-2.5.4.jar:/Users/gertiprifti/.m2/repository/org/springframework/boot/spring-boot-starter-logging/2.5.4/spring-boot-starter-logging-2.5.4.jar:/Users/gertiprifti/.m2/repository/ch/qos/logback/logback-classic/1.2.5/logback-classic-1.2.5.jar:/Users/gertiprifti/.m2/repository/ch/qos/logback/logback-core/1.2.5/logback-core-1.2.5.jar:/Users/gertiprifti/.m2/repository/org/apache/logging/log4j/log4j-to-slf4j/2.14.1/log4j-to-slf4j-2.14.1.jar:/Users/gertiprifti/.m2/repository/org/apache/logging/log4j/log4j-api/2.14.1/log4j-api-2.14.1.jar:/Users/gertiprifti/.m2/repository/org/slf4j/jul-to-slf4j/1.7.32/jul-to-slf4j-1.7.32.jar:/Users/gertiprifti/.m2/repository/jakarta/annotation/jakarta.annotation-api/1.3.5/jakarta.annotation-api-1.3.5.jar:/Users/gertiprifti/.m2/repository/org/yaml/snakeyaml/1.28/snakeyaml-1.28.jar:/Users/gertiprifti/.m2/repository/org/springframework/boot/spring-boot-starter-json/2.5.4/spring-boot-starter-json-2.5.4.jar:/Users/gertiprifti/.m2/repository/com/fasterxml/jackson/core/jackson-databind/2.12.4/jackson-databind-2.12.4.jar:/Users/gertiprifti/.m2/repository/com/fasterxml/jackson/core/jackson-annotations/2.12.4/jackson-annotations-2.12.4.jar:/Users/gertiprifti/.m2/repository/com/fasterxml/jackson/core/jackson-core/2.12.4/jackson-core-2.12.4.jar:/Users/gertiprifti/.m2/repository/com/fasterxml/jackson/datatype/jackson-datatype-jdk8/2.12.4/jackson-datatype-jdk8-2.12.4.jar:/Users/gertiprifti/.m2/repository/com/fasterxml/jackson/datatype/jackson-datatype-jsr310/2.12.4/jackson-datatype-jsr310-2.12.4.jar:/Users/gertiprifti/.m2/repository/com/fasterxml/jackson/module/jackson-module-parameter-names/2.12.4/jackson-module-parameter-names-2.12.4.jar:/Users/gertiprifti/.m2/repository/org/springframework/boot/spring-boot-starter-tomcat/2.5.4/spring-boot-starter-tomcat-2.5.4.jar:/Users/gertiprifti/.m2/repository/org/apache/tomcat/embed/tomcat-embed-core/9.0.52/tomcat-embed-core-9.0.52.jar:/Users/gertiprifti/.m2/repository/org/apache/tomcat/embed/tomcat-embed-websocket/9.0.52/tomcat-embed-websocket-9.0.52.jar:/Users/gertiprifti/.m2/repository/org/springframework/spring-web/5.3.9/spring-web-5.3.9.jar:/Users/gertiprifti/.m2/repository/org/springframework/spring-beans/5.3.9/spring-beans-5.3.9.jar:/Users/gertiprifti/.m2/repository/org/springframework/spring-webmvc/5.3.9/spring-webmvc-5.3.9.jar:/Users/gertiprifti/.m2/repository/org/springframework/spring-aop/5.3.9/spring-aop-5.3.9.jar:/Users/gertiprifti/.m2/repository/org/springframework/spring-context/5.3.9/spring-context-5.3.9.jar:/Users/gertiprifti/.m2/repository/org/springframework/spring-expression/5.3.9/spring-expression-5.3.9.jar:/Users/gertiprifti/.m2/repository/org/springframework/boot/spring-boot-starter-test/2.5.4/spring-boot-starter-test-2.5.4.jar:/Users/gertiprifti/.m2/repository/org/springframework/boot/spring-boot-test/2.5.4/spring-boot-test-2.5.4.jar:/Users/gertiprifti/.m2/repository/org/springframework/boot/spring-boot-test-autoconfigure/2.5.4/spring-boot-test-autoconfigure-2.5.4.jar:/Users/gertiprifti/.m2/repository/com/jayway/jsonpath/json-path/2.5.0/json-path-2.5.0.jar:/Users/gertiprifti/.m2/repository/net/minidev/json-smart/2.4.7/json-smart-2.4.7.jar:/Users/gertiprifti/.m2/repository/net/minidev/accessors-smart/2.4.7/accessors-smart-2.4.7.jar:/Users/gertiprifti/.m2/repository/org/ow2/asm/asm/9.1/asm-9.1.jar:/Users/gertiprifti/.m2/repository/jakarta/xml/bind/jakarta.xml.bind-api/2.3.3/jakarta.xml.bind-api-2.3.3.jar:/Users/gertiprifti/.m2/repository/jakarta/activation/jakarta.activation-api/1.2.2/jakarta.activation-api-1.2.2.jar:/Users/gertiprifti/.m2/repository/org/assertj/assertj-core/3.19.0/assertj-core-3.19.0.jar:/Users/gertiprifti/.m2/repository/org/hamcrest/hamcrest/2.2/hamcrest-2.2.jar:/Users/gertiprifti/.m2/repository/org/junit/jupiter/junit-jupiter/5.7.2/junit-jupiter-5.7.2.jar:/Users/gertiprifti/.m2/repository/org/junit/jupiter/junit-jupiter-api/5.7.2/junit-jupiter-api-5.7.2.jar:/Users/gertiprifti/.m2/repository/org/apiguardian/apiguardian-api/1.1.0/apiguardian-api-1.1.0.jar:/Users/gertiprifti/.m2/repository/org/opentest4j/opentest4j/1.2.0/opentest4j-1.2.0.jar:/Users/gertiprifti/.m2/repository/org/junit/platform/junit-platform-commons/1.7.2/junit-platform-commons-1.7.2.jar:/Users/gertiprifti/.m2/repository/org/junit/jupiter/junit-jupiter-params/5.7.2/junit-jupiter-params-5.7.2.jar:/Users/gertiprifti/.m2/repository/org/junit/jupiter/junit-jupiter-engine/5.7.2/junit-jupiter-engine-5.7.2.jar:/Users/gertiprifti/.m2/repository/org/junit/platform/junit-platform-engine/1.7.2/junit-platform-engine-1.7.2.jar:/Users/gertiprifti/.m2/repository/org/mockito/mockito-core/3.9.0/mockito-core-3.9.0.jar:/Users/gertiprifti/.m2/repository/net/bytebuddy/byte-buddy/1.10.22/byte-buddy-1.10.22.jar:/Users/gertiprifti/.m2/repository/net/bytebuddy/byte-buddy-agent/1.10.22/byte-buddy-agent-1.10.22.jar:/Users/gertiprifti/.m2/repository/org/objenesis/objenesis/3.2/objenesis-3.2.jar:/Users/gertiprifti/.m2/repository/org/mockito/mockito-junit-jupiter/3.9.0/mockito-junit-jupiter-3.9.0.jar:/Users/gertiprifti/.m2/repository/org/skyscreamer/jsonassert/1.5.0/jsonassert-1.5.0.jar:/Users/gertiprifti/.m2/repository/com/vaadin/external/google/android-json/0.0.20131108.vaadin1/android-json-0.0.20131108.vaadin1.jar:/Users/gertiprifti/.m2/repository/org/springframework/spring-core/5.3.9/spring-core-5.3.9.jar:/Users/gertiprifti/.m2/repository/org/springframework/spring-jcl/5.3.9/spring-jcl-5.3.9.jar:/Users/gertiprifti/.m2/repository/org/springframework/spring-test/5.3.9/spring-test-5.3.9.jar:/Users/gertiprifti/.m2/repository/org/xmlunit/xmlunit-core/2.8.2/xmlunit-core-2.8.2.jar:/Users/gertiprifti/.m2/repository/org/slf4j/slf4j-api/1.7.30/slf4j-api-1.7.30.jar:/Users/gertiprifti/.m2/repository/org/springframework/boot/spring-boot-starter-validation/2.5.4/spring-boot-starter-validation-2.5.4.jar:/Users/gertiprifti/.m2/repository/org/apache/tomcat/embed/tomcat-embed-el/9.0.52/tomcat-embed-el-9.0.52.jar:/Users/gertiprifti/.m2/repository/org/hibernate/validator/hibernate-validator/6.2.0.Final/hibernate-validator-6.2.0.Final.jar:/Users/gertiprifti/.m2/repository/jakarta/validation/jakarta.validation-api/2.0.2/jakarta.validation-api-2.0.2.jar:/Users/gertiprifti/.m2/repository/org/jboss/logging/jboss-logging/3.4.2.Final/jboss-logging-3.4.2.Final.jar:/Users/gertiprifti/.m2/repository/com/fasterxml/classmate/1.5.1/classmate-1.5.1.jar:/Users/gertiprifti/.m2/repository/javax/validation/validation-api/2.0.1.Final/validation-api-2.0.1.Final.jar:/Users/gertiprifti/.m2/repository/org/projectlombok/lombok/1.18.20/lombok-1.18.20.jar:"/>
    <property name="sun.cpu.endian" value="little"/>
    <property name="user.home" value="/Users/gertiprifti"/>
    <property name="user.language" value="en"/>
    <property name="java.specification.vendor" value="Oracle Corporation"/>
    <property name="java.home" value="/Users/gertiprifti/Library/Java/JavaVirtualMachines/corretto-1.8.0_292/Contents/Home/jre"/>
    <property name="basedir" value="/Users/gertiprifti/Desktop/charging-process"/>
    <property name="file.separator" value="/"/>
    <property name="line.separator" value="&#10;"/>
    <property name="java.vm.specification.vendor" value="Oracle Corporation"/>
    <property name="java.specification.name" value="Java Platform API Specification"/>
    <property name="java.awt.graphicsenv" value="sun.awt.CGraphicsEnvironment"/>
    <property name="surefire.real.class.path" value="/Users/gertiprifti/Desktop/charging-process/target/surefire/surefirebooter8574704533355626053.jar"/>
    <property name="sun.boot.class.path" value="/Users/gertiprifti/Library/Java/JavaVirtualMachines/corretto-1.8.0_292/Contents/Home/jre/lib/resources.jar:/Users/gertiprifti/Library/Java/JavaVirtualMachines/corretto-1.8.0_292/Contents/Home/jre/lib/rt.jar:/Users/gertiprifti/Library/Java/JavaVirtualMachines/corretto-1.8.0_292/Contents/Home/jre/lib/sunrsasign.jar:/Users/gertiprifti/Library/Java/JavaVirtualMachines/corretto-1.8.0_292/Contents/Home/jre/lib/jsse.jar:/Users/gertiprifti/Library/Java/JavaVirtualMachines/corretto-1.8.0_292/Contents/Home/jre/lib/jce.jar:/Users/gertiprifti/Library/Java/JavaVirtualMachines/corretto-1.8.0_292/Contents/Home/jre/lib/charsets.jar:/Users/gertiprifti/Library/Java/JavaVirtualMachines/corretto-1.8.0_292/Contents/Home/jre/lib/jfr.jar:/Users/gertiprifti/Library/Java/JavaVirtualMachines/corretto-1.8.0_292/Contents/Home/jre/classes"/>
    <property name="sun.management.compiler" value="HotSpot 64-Bit Tiered Compilers"/>
    <property name="ftp.nonProxyHosts" value="local|*.local|169.254/16|*.169.254/16"/>
    <property name="java.runtime.version" value="1.8.0_292-b10"/>
    <property name="user.name" value="gertiprifti"/>
    <property name="path.separator" value=":"/>
    <property name="os.version" value="10.16"/>
    <property name="java.endorsed.dirs" value="/Users/gertiprifti/Library/Java/JavaVirtualMachines/corretto-1.8.0_292/Contents/Home/jre/lib/endorsed"/>
    <property name="java.runtime.name" value="OpenJDK Runtime Environment"/>
    <property name="file.encoding" value="UTF-8"/>
    <property name="java.vm.name" value="OpenJDK 64-Bit Server VM"/>
    <property name="localRepository" value="/Users/gertiprifti/.m2/repository"/>
    <property name="java.vendor.url.bug" value="https://github.com/corretto/corretto-8/issues/"/>
    <property name="java.io.tmpdir" value="/var/folders/c5/fb7qbygs6_5_4sfstxs9p3jh0000gn/T/"/>
    <property name="idea.version" value="2021.2"/>
    <property name="java.version" value="1.8.0_292"/>
    <property name="user.dir" value="/Users/gertiprifti/Desktop/charging-process"/>
    <property name="os.arch" value="x86_64"/>
    <property name="java.vm.specification.name" value="Java Virtual Machine Specification"/>
    <property name="java.awt.printerjob" value="sun.lwawt.macosx.CPrinterJob"/>
    <property name="sun.os.patch.level" value="unknown"/>
    <property name="java.library.path" value="/Users/gertiprifti/Library/Java/Extensions:/Library/Java/Extensions:/Network/Library/Java/Extensions:/System/Library/Java/Extensions:/usr/lib/java:."/>
    <property name="java.vm.info" value="mixed mode"/>
    <property name="java.vendor" value="Amazon.com Inc."/>
    <property name="java.vm.version" value="25.292-b10"/>
    <property name="java.ext.dirs" value="/Users/gertiprifti/Library/Java/Extensions:/Users/gertiprifti/Library/Java/JavaVirtualMachines/corretto-1.8.0_292/Contents/Home/jre/lib/ext:/Library/Java/Extensions:/Network/Library/Java/Extensions:/System/Library/Java/Extensions:/usr/lib/java"/>
    <property name="sun.io.unicode.encoding" value="UnicodeBig"/>
    <property name="java.class.version" value="52.0"/>
    <property name="socksNonProxyHosts" value="local|*.local|169.254/16|*.169.254/16"/>
  </properties>
  <testcase name="whenRateTransactionHasNegativeValue_thenReturns400" classname="com.example.hastobe.controller.RateControllerTest" time="0.472"/>
  <testcase name="whenCdrMeterStartHasNullValue_thenReturns400" classname="com.example.hastobe.controller.RateControllerTest" time="0.089"/>
  <testcase name="whenCdrMeterStopHasNegativeValue_thenReturns400" classname="com.example.hastobe.controller.RateControllerTest" time="0.048"/>
  <testcase name="whenRateTransactionHasNullValue_thenReturns400" classname="com.example.hastobe.controller.RateControllerTest" time="0.045"/>
  <testcase name="whenCdrMeterStopHasNullValue_thenReturns400" classname="com.example.hastobe.controller.RateControllerTest" time="0.053"/>
  <testcase name="whenRateTimeHasNegativeValue_thenReturns400" classname="com.example.hastobe.controller.RateControllerTest" time="0.062"/>
  <testcase name="whenCdrHasNullValue_thenReturns400" classname="com.example.hastobe.controller.RateControllerTest" time="0.036"/>
  <testcase name="whenCdrTimestampStartHasNullValue_thenReturns400" classname="com.example.hastobe.controller.RateControllerTest" time="0.037"/>
  <testcase name="whenCdrTimestampStopHasNullValue_thenReturns400" classname="com.example.hastobe.controller.RateControllerTest" time="0.052"/>
  <testcase name="whenRateTimeHasNullValue_thenReturns400" classname="com.example.hastobe.controller.RateControllerTest" time="0.046"/>
  <testcase name="whenCdrMeterStartHasNegativeValue_thenReturns400" classname="com.example.hastobe.controller.RateControllerTest" time="0.045"/>
  <testcase name="whenRateEnergyHasNullValue_thenReturns400" classname="com.example.hastobe.controller.RateControllerTest" time="0.069"/>
  <testcase name="whenRateEnergyHasNegativeValue_thenReturns400" classname="com.example.hastobe.controller.RateControllerTest" time="0.026"/>
  <testcase name="whenRateNullValue_thenReturns400" classname="com.example.hastobe.controller.RateControllerTest" time="0.027"/>
  <testcase name="calculateRateStatusOK" classname="com.example.hastobe.controller.RateControllerTest" time="0.099"/>
</testsuite>